number,value,datetime_start,datetime_complete,duration,params_learning_rate,params_max_depth,params_n_estimators,params_radius,params_reg_lambda,params_use_Avg_Decoy,params_use_Avg_F_index,params_use_Avg_MW,params_use_Avg_Native,params_use_Charge,params_use_Global_PAE,params_use_Global_pLDDT,params_use_Isoelectric_Point,params_use_NCD,params_use_Norm_ALA,params_use_Norm_ARG,params_use_Norm_ASN,params_use_Norm_ASP,params_use_Norm_CYS,params_use_Norm_GLN,params_use_Norm_GLU,params_use_Norm_GLY,params_use_Norm_HIS,params_use_Norm_ILE,params_use_Norm_LEU,params_use_Norm_LYS,params_use_Norm_MET,params_use_Norm_PHE,params_use_Norm_PRO,params_use_Norm_SER,params_use_Norm_THR,params_use_Norm_TRP,params_use_Norm_TYR,params_use_Norm_VAL,params_use_RCO,params_use_Ranking_Score,params_use_Shannon_Entropy,params_use_Weight_ALA,params_use_Weight_ARG,params_use_Weight_ASN,params_use_Weight_ASP,params_use_Weight_CYS,params_use_Weight_GLN,params_use_Weight_GLU,params_use_Weight_GLY,params_use_Weight_HIS,params_use_Weight_ILE,params_use_Weight_LEU,params_use_Weight_LYS,params_use_Weight_MET,params_use_Weight_PHE,params_use_Weight_PRO,params_use_Weight_SER,params_use_Weight_THR,params_use_Weight_TRP,params_use_Weight_TYR,params_use_Weight_VAL,user_attrs_accuracy,state
42,0.7971664146438145,2026-03-20 08:21:10.043256,2026-03-20 09:14:45.588715,0 days 00:53:35.545459,0.03822633730305401,5,400,20.0,3.9226488308072227,False,False,False,True,True,True,True,False,True,False,True,False,True,True,True,False,False,True,True,True,True,True,True,False,False,False,True,False,False,False,False,False,False,False,False,True,True,False,False,False,True,True,False,False,False,True,True,True,False,False,False,True,0.7960829493087558,COMPLETE
43,0.7943336487901577,2026-03-20 09:14:45.589327,2026-03-20 10:00:46.954984,0 days 00:46:01.365657,0.02466151317412209,5,300,18.5,3.2647274641808504,False,False,False,True,True,True,True,False,True,False,True,False,True,True,True,False,False,True,True,True,True,True,True,False,False,False,True,False,False,False,False,False,False,False,False,True,True,False,False,False,True,True,False,False,False,True,True,True,False,False,False,True,0.793778801843318,COMPLETE
44,0.8040448674031117,2026-03-20 10:00:46.955535,2026-03-20 10:44:24.017126,0 days 00:43:37.061591,0.03266600566351674,6,200,19.5,4.265728505607354,False,False,False,True,True,True,True,False,True,False,True,False,True,True,True,False,False,True,True,True,True,True,True,False,False,False,True,False,False,False,False,False,False,False,False,True,True,False,False,False,True,True,False,False,False,True,True,True,False,False,False,True,0.8052995391705069,COMPLETE
45,0.7783812554649981,2026-03-20 10:44:24.017671,2026-03-20 11:08:23.011171,0 days 00:23:58.993500,0.032322698456519486,6,100,18.0,4.369082775413211,False,False,False,True,True,True,True,False,True,False,True,False,True,True,True,False,False,True,True,True,True,True,True,False,False,False,True,False,False,False,True,False,False,False,False,True,True,False,False,False,True,True,False,False,False,True,True,True,False,False,False,True,0.783410138248848,COMPLETE
46,0.7841829060168648,2026-03-20 11:08:23.011710,2026-03-20 11:57:20.864242,0 days 00:48:57.852532,0.038688548447007885,6,200,19.5,4.116753215533806,False,True,False,True,False,True,False,False,False,False,True,True,True,True,True,True,False,True,True,True,True,False,True,False,False,False,True,False,False,True,False,True,False,False,False,True,True,True,True,False,True,False,False,False,True,True,True,False,False,False,False,True,0.7891705069124424,COMPLETE
47,0.7776027997381352,2026-03-20 11:57:20.864763,2026-03-20 12:30:17.605201,0 days 00:32:56.740438,0.049322186253229504,7,100,16.5,4.95089500650997,False,False,True,False,True,True,True,False,True,False,True,False,False,True,True,False,True,False,True,True,False,True,False,False,False,True,True,False,False,False,False,False,True,True,True,True,True,False,False,True,True,True,True,False,False,True,False,True,True,False,True,False,0.7764976958525346,COMPLETE
48,0.7989733511694124,2026-03-20 12:30:17.605758,2026-03-20 13:30:34.825298,0 days 01:00:17.219540,0.07159904725912886,6,500,18.5,4.519143938961313,False,True,False,True,True,True,True,False,True,False,True,False,True,True,True,False,False,True,True,True,True,True,True,False,False,False,True,False,False,True,True,False,False,False,False,True,True,False,False,False,True,True,False,False,False,True,True,False,False,False,False,True,0.8006912442396313,COMPLETE
49,0.8014976912067258,2026-03-20 13:30:34.826154,2026-03-20 14:33:28.125884,0 days 01:02:53.299730,0.042265505558458386,4,600,17.0,4.652891259432974,False,False,False,True,True,True,True,False,True,True,False,True,True,True,True,False,False,True,True,True,True,True,True,True,False,False,True,False,False,False,False,True,False,False,False,True,True,True,True,False,True,False,False,True,False,True,False,True,False,False,False,True,0.7995391705069125,COMPLETE
