number,value,datetime_start,datetime_complete,duration,params_learning_rate,params_max_depth,params_n_estimators,params_radius,params_reg_lambda,params_use_Avg_Decoy,params_use_Avg_F_index,params_use_Avg_MW,params_use_Avg_Native,params_use_Charge,params_use_Global_PAE,params_use_Global_pLDDT,params_use_Isoelectric_Point,params_use_NCD,params_use_Norm_ALA,params_use_Norm_ARG,params_use_Norm_ASN,params_use_Norm_ASP,params_use_Norm_CYS,params_use_Norm_GLN,params_use_Norm_GLU,params_use_Norm_GLY,params_use_Norm_HIS,params_use_Norm_ILE,params_use_Norm_LEU,params_use_Norm_LYS,params_use_Norm_MET,params_use_Norm_PHE,params_use_Norm_PRO,params_use_Norm_SER,params_use_Norm_THR,params_use_Norm_TRP,params_use_Norm_TYR,params_use_Norm_VAL,params_use_RCO,params_use_Ranking_Score,params_use_Shannon_Entropy,params_use_Weight_ALA,params_use_Weight_ARG,params_use_Weight_ASN,params_use_Weight_ASP,params_use_Weight_CYS,params_use_Weight_GLN,params_use_Weight_GLU,params_use_Weight_GLY,params_use_Weight_HIS,params_use_Weight_ILE,params_use_Weight_LEU,params_use_Weight_LYS,params_use_Weight_MET,params_use_Weight_PHE,params_use_Weight_PRO,params_use_Weight_SER,params_use_Weight_THR,params_use_Weight_TRP,params_use_Weight_TYR,params_use_Weight_VAL,user_attrs_accuracy,state
0,0.7634348895077997,2026-03-18 22:09:13.100176,2026-03-18 22:59:42.862029,0 days 00:50:29.761853,0.029606243307071126,3,900,15.0,2.7083252177973094,False,False,True,False,True,False,False,True,True,False,True,True,True,False,False,True,False,True,True,False,True,False,False,True,True,True,False,True,False,False,False,True,False,False,False,True,False,False,False,False,True,True,False,True,False,True,False,True,False,True,True,False,0.7695852534562212,COMPLETE
1,0.8079808520804239,2026-03-18 22:59:42.862546,2026-03-18 23:34:18.135697,0 days 00:34:35.273151,0.027483432604745766,4,300,18.0,3.0479676575489965,False,True,False,True,True,True,True,False,True,False,True,True,True,True,True,False,False,True,True,True,True,True,False,False,False,True,True,False,False,True,True,False,True,False,False,True,True,True,True,True,True,False,False,False,False,True,False,False,False,False,True,False,0.8029953917050692,COMPLETE
2,0.7795987997530005,2026-03-18 23:34:18.136172,2026-03-19 01:09:07.498005,0 days 01:34:49.361833,0.017785096762454773,7,400,18.5,1.8934476000784257,True,False,False,False,True,False,False,True,False,True,True,True,False,False,True,True,True,True,False,False,True,False,False,True,True,False,True,False,False,True,True,False,False,False,False,True,False,True,False,True,False,False,False,True,False,False,True,True,True,True,False,True,0.7811059907834101,COMPLETE
3,0.7812050956696053,2026-03-19 01:09:07.498507,2026-03-19 01:54:53.571362,0 days 00:45:46.072855,0.07540300581566,3,800,15.5,3.229592827428939,False,True,True,False,True,True,False,True,True,True,False,False,True,False,False,False,True,False,True,True,False,True,True,False,True,False,False,True,True,False,False,True,True,True,True,False,True,True,False,False,True,False,False,True,True,True,False,True,True,True,False,False,0.7880184331797235,COMPLETE
4,0.7765907743250828,2026-03-19 01:54:53.572057,2026-03-19 02:56:41.374168,0 days 01:01:47.802111,0.044021334860399934,4,800,20.0,3.038556491355355,True,False,False,True,True,False,False,True,True,False,False,True,True,False,False,False,True,False,False,False,False,False,False,True,True,True,False,False,False,True,True,True,True,True,False,False,False,False,True,True,True,False,True,True,True,False,True,False,True,False,True,False,0.7753456221198156,COMPLETE
5,0.7627265402148323,2026-03-19 02:56:41.374660,2026-03-19 04:30:46.692677,0 days 01:34:05.318017,0.033771185840134,7,600,15.0,1.2186110657480205,True,True,False,False,False,False,True,False,False,True,True,True,False,False,False,True,True,False,True,True,True,False,True,False,False,True,True,False,True,False,True,True,True,True,True,True,True,True,True,False,False,True,False,True,False,True,True,False,False,False,True,False,0.7672811059907834,COMPLETE
6,0.7852123189055691,2026-03-19 04:30:46.693341,2026-03-19 05:11:55.473926,0 days 00:41:08.780585,0.05345798150830913,3,700,17.0,1.5836537051987292,True,True,True,True,True,False,False,True,True,True,True,False,True,True,False,False,True,True,False,True,True,False,True,False,True,False,True,False,True,False,False,False,True,True,False,False,True,True,True,True,False,False,True,False,False,False,False,False,False,True,True,False,0.7845622119815668,COMPLETE
7,0.7535001839918296,2026-03-19 05:11:55.474713,2026-03-19 06:21:32.519416,0 days 01:09:37.044703,0.06964682921238591,6,1000,18.5,2.3433734836682327,False,False,True,False,False,True,False,False,False,False,True,False,True,False,True,True,True,False,False,True,True,False,False,True,False,True,True,True,True,True,False,False,False,False,True,False,True,True,False,True,False,False,True,False,True,False,False,False,True,True,False,False,0.7534562211981567,COMPLETE
8,0.8023487260070208,2026-03-19 06:21:32.519914,2026-03-19 07:25:05.658255,0 days 01:03:33.138341,0.03385082826517104,6,400,19.5,3.3241280501948895,False,False,False,True,True,True,False,False,True,False,True,False,True,True,True,False,True,False,True,True,True,True,True,False,False,False,True,False,False,False,False,True,False,False,False,True,True,False,False,False,True,True,False,False,False,True,True,True,False,False,False,True,0.804147465437788,COMPLETE
9,0.78385581229534,2026-03-19 07:25:05.658724,2026-03-19 09:24:03.784527,0 days 01:58:58.125803,0.04178188929472583,7,800,18.5,4.444099303787267,False,True,True,False,True,True,False,False,True,False,True,True,False,True,True,True,True,False,True,True,False,True,True,False,False,True,False,False,False,True,True,True,True,True,False,True,True,True,True,False,True,False,False,False,True,True,False,True,True,False,False,False,0.783410138248848,COMPLETE
10,0.7056580731797879,2026-03-19 09:24:03.785144,2026-03-19 09:40:38.344128,0 days 00:16:34.558984,0.011397887957811985,5,100,11.5,4.212416139183996,False,True,False,True,False,True,True,False,False,False,False,True,False,True,True,False,False,True,True,False,False,True,False,False,False,True,True,True,False,True,True,False,True,False,True,True,False,False,True,True,True,True,True,False,False,True,False,False,False,False,True,True,0.7142857142857143,COMPLETE
11,0.8027158702717475,2026-03-19 09:40:38.344650,2026-03-19 10:25:35.969277,0 days 00:44:57.624627,0.022804671606886574,5,300,20.0,3.767881399640979,False,False,False,True,True,True,True,False,True,False,True,False,True,True,True,False,False,True,True,True,True,True,True,False,False,False,True,False,False,False,False,False,False,False,False,True,True,False,False,False,True,True,False,False,False,True,True,True,False,False,False,True,0.8052995391705069,COMPLETE
12,0.7871715799682635,2026-03-19 10:25:35.969935,2026-03-19 11:01:17.921492,0 days 00:35:41.951557,0.022365267546857578,5,200,17.0,3.8399107786910434,False,True,False,True,True,True,True,False,True,False,True,False,True,True,True,False,False,True,True,True,True,True,False,False,False,False,True,False,False,False,True,False,False,False,False,True,True,False,True,True,True,True,False,False,False,True,True,False,False,False,True,True,0.7926267281105991,COMPLETE
13,0.7691991996014411,2026-03-19 11:01:17.922044,2026-03-19 11:29:27.406189,0 days 00:28:09.484145,0.016480568121684927,4,300,12.0,4.960028426879228,False,False,False,True,True,True,True,False,True,False,True,False,True,True,True,False,False,True,True,True,True,True,True,False,False,False,True,False,False,True,False,False,False,False,False,True,True,False,False,False,True,True,False,False,False,True,True,True,False,False,False,True,0.7684331797235023,COMPLETE
14,0.7920482285698017,2026-03-19 11:29:27.406676,2026-03-19 12:18:49.856239,0 days 00:49:22.449563,0.022704646855136998,4,500,17.0,3.714979628665846,False,False,False,True,False,True,True,False,True,False,False,True,True,True,True,False,False,True,True,True,True,True,False,False,False,True,True,False,False,False,False,False,False,False,False,True,True,True,False,True,True,False,False,False,False,True,True,True,False,False,False,True,0.7960829493087558,COMPLETE
15,0.7487189169258107,2026-03-19 12:18:49.856725,2026-03-19 12:37:08.094486,0 days 00:18:18.237761,0.010778750415618888,5,100,13.5,2.5329026843393736,False,True,False,True,True,True,True,False,True,False,True,False,True,True,True,False,False,True,True,True,True,True,True,False,False,False,True,False,False,True,True,False,True,False,False,True,True,False,True,False,True,True,False,False,False,True,False,False,False,False,True,True,0.7603686635944701,COMPLETE
16,0.8019243059609009,2026-03-19 12:37:08.094979,2026-03-19 13:06:37.296743,0 days 00:29:29.201764,0.02387197245431495,4,300,20.0,3.5964401466988862,False,True,False,True,True,True,True,False,True,False,True,False,True,True,True,False,False,True,True,True,True,True,True,False,False,False,True,False,False,False,False,False,True,False,False,True,True,False,False,True,True,False,False,False,False,True,False,False,False,False,False,False,0.804147465437788,COMPLETE
17,0.7517615183670164,2026-03-19 13:06:37.297244,2026-03-19 14:07:56.958967,0 days 01:01:19.661723,0.015018016675074726,6,300,10.0,4.283909498933651,False,False,False,True,True,True,True,False,True,False,True,True,True,True,True,False,False,True,True,True,True,True,False,False,False,True,True,False,False,True,True,False,False,False,False,True,True,True,True,False,True,True,False,False,False,True,True,True,False,False,True,True,0.7566320645905421,COMPLETE
18,0.7726993020440128,2026-03-19 14:07:56.959575,2026-03-19 14:53:05.697420,0 days 00:45:08.737845,0.02678267082776915,4,500,17.5,2.1262901270734202,True,True,False,True,False,True,True,False,False,True,False,True,False,True,True,False,False,True,False,False,False,True,True,True,False,False,False,True,True,False,True,False,True,False,True,False,False,False,False,True,False,False,True,False,True,False,False,False,False,False,True,True,0.7788018433179723,COMPLETE
19,0.7766591573451642,2026-03-19 14:53:05.697959,2026-03-19 15:27:46.234664,0 days 00:34:40.536705,0.014268747051611385,5,200,19.0,2.8558972173832466,False,False,False,True,True,True,True,False,True,False,True,False,True,True,True,False,False,True,True,True,True,True,False,False,False,True,True,False,False,True,False,False,False,False,False,True,True,True,True,False,True,True,False,False,False,True,True,True,False,False,False,False,0.7788018433179723,COMPLETE
20,0.7902763977088141,2026-03-19 15:27:46.235159,2026-03-19 16:56:57.081948,0 days 01:29:10.846789,0.01955870474697102,6,400,16.0,4.803825500230937,False,False,False,True,True,True,True,False,True,False,True,True,True,True,True,False,False,True,True,True,True,True,True,False,False,True,True,False,False,True,True,False,True,False,False,True,True,True,True,False,True,False,False,False,False,True,False,False,False,False,False,True,0.7949308755760369,COMPLETE
21,0.8011491221934637,2026-03-19 16:56:57.082861,2026-03-19 17:59:40.516042,0 days 01:02:43.433181,0.03555852431262359,6,400,20.0,3.292029366603557,False,False,False,True,True,True,False,False,True,False,True,False,True,True,True,False,True,False,True,True,True,True,True,False,False,False,True,False,False,False,False,True,False,False,False,True,True,False,False,False,True,True,False,False,False,True,True,True,False,False,False,True,0.8018433179723502,COMPLETE
22,0.8039713434404426,2026-03-19 17:59:40.516536,2026-03-19 18:37:44.297425,0 days 00:38:03.780889,0.04156871139655403,6,200,19.0,3.4444303895826516,False,False,False,True,True,True,True,False,True,False,True,False,True,True,True,False,False,False,True,True,True,True,True,False,False,False,True,False,False,False,False,True,False,False,False,True,True,False,False,False,True,True,False,False,False,True,True,True,False,False,False,True,0.8052995391705069,COMPLETE
23,0.7967021046970174,2026-03-19 18:37:44.297939,2026-03-19 19:06:15.290259,0 days 00:28:30.992320,0.0541475344738659,5,200,18.0,3.7989165468584316,False,False,False,True,True,True,True,False,True,False,True,False,True,True,True,False,False,False,True,True,True,True,True,False,False,False,True,False,False,False,False,True,False,False,False,True,True,False,False,False,True,True,False,False,False,True,True,True,False,False,False,True,0.7983870967741935,COMPLETE
24,0.8029419673731054,2026-03-19 19:06:15.290754,2026-03-19 19:25:06.166379,0 days 00:18:50.875625,0.09327133246318539,6,100,19.0,3.483880452073971,False,False,False,True,True,True,True,False,True,False,True,False,True,True,True,False,False,False,True,True,True,True,True,False,False,False,True,False,False,False,False,True,False,False,False,True,True,False,False,False,True,True,False,False,False,True,True,True,False,False,False,True,0.804147465437788,COMPLETE
25,0.7930631040311757,2026-03-19 19:25:06.166920,2026-03-19 19:45:53.486592,0 days 00:20:47.319672,0.06314598372530558,6,100,16.0,3.0027490525302087,False,False,False,True,True,True,True,False,True,False,True,False,True,True,True,False,False,False,True,True,True,True,True,False,False,False,True,False,False,False,False,True,False,False,False,True,True,False,False,False,True,True,False,False,False,True,True,True,False,False,False,True,0.7960829493087558,COMPLETE
26,0.7621026663713211,2026-03-19 19:45:53.487093,2026-03-19 20:26:46.250213,0 days 00:40:52.763120,0.0949434236559504,7,200,19.0,3.4798266009784657,True,True,True,True,False,False,True,True,False,True,False,False,False,True,False,True,False,False,False,False,False,True,False,True,True,False,False,True,True,False,False,True,False,True,True,False,False,False,False,True,False,True,True,True,True,False,True,True,True,True,True,False,0.7603686635944701,COMPLETE
27,0.7918080132426605,2026-03-19 20:26:46.250743,2026-03-19 20:46:57.732567,0 days 00:20:11.481824,0.09087535902457257,6,100,17.5,4.052094217133324,False,False,False,True,True,True,True,False,True,False,True,False,True,True,True,False,False,False,True,True,True,True,True,False,False,False,True,False,False,False,False,True,False,False,False,True,True,False,False,False,True,True,False,False,False,True,True,True,False,False,False,True,0.7949308755760369,COMPLETE
28,0.7987348785668112,2026-03-19 20:46:57.733050,2026-03-19 21:39:43.633399,0 days 00:52:45.900349,0.043757343041032765,7,200,19.0,2.5964893264152504,False,True,False,True,True,True,True,False,True,False,True,True,True,True,True,False,False,False,True,True,True,True,False,False,False,True,True,False,False,True,True,True,True,False,False,True,True,True,True,True,True,False,False,False,False,True,False,False,False,False,True,False,0.7983870967741935,COMPLETE
29,0.7244343858589426,2026-03-19 21:39:43.633965,2026-03-19 21:46:21.903237,0 days 00:06:38.269272,0.02956274522882998,3,100,14.5,2.7993158494937735,False,False,True,False,True,False,True,True,True,False,True,True,True,False,False,True,False,False,True,False,True,False,False,True,True,True,False,True,False,False,False,True,False,False,False,True,False,False,False,False,True,True,False,True,False,True,False,True,False,True,True,False,0.7315668202764977,COMPLETE
30,0.8040673035162825,2026-03-19 21:46:21.903804,2026-03-19 22:48:00.133614,0 days 01:01:38.229810,0.053601531150968856,5,600,16.5,4.634708237877983,False,False,False,True,True,True,True,False,True,False,True,False,True,True,True,False,False,False,True,True,True,True,True,False,False,False,True,False,False,False,False,True,False,False,False,True,True,False,False,False,True,True,False,False,False,True,True,True,False,False,False,True,0.8064516129032258,COMPLETE
31,0.7974771626676329,2026-03-19 22:48:00.134113,2026-03-19 23:49:12.624798,0 days 01:01:12.490685,0.053575119222083634,5,600,16.5,4.611627824380637,False,False,False,True,True,True,True,False,True,False,True,False,True,True,True,False,False,False,True,True,True,True,True,False,False,False,True,False,False,False,False,True,False,False,False,True,True,False,False,False,True,True,False,False,False,True,True,True,False,False,False,True,0.7995391705069125,COMPLETE
32,0.797972057401113,2026-03-19 23:49:12.625510,2026-03-20 01:17:04.777983,0 days 01:27:52.152473,0.038029819037329486,6,700,18.0,4.041587594031925,False,False,False,True,True,True,True,False,True,False,True,False,True,True,True,False,False,False,True,True,True,True,True,False,False,False,True,False,False,False,False,True,False,False,False,True,True,False,False,False,True,True,False,False,False,True,True,True,False,False,False,True,0.8006912442396313,COMPLETE
33,0.7922306140113199,2026-03-20 01:17:04.779292,2026-03-20 01:53:11.623743,0 days 00:36:06.844451,0.08017769040976627,4,500,18.0,3.1382921084440762,False,False,False,True,True,True,True,False,True,False,True,False,True,True,True,False,False,False,True,True,True,True,True,False,False,False,True,False,False,False,False,True,False,False,False,True,True,False,False,False,True,True,False,False,False,True,True,True,False,False,False,True,0.7995391705069125,COMPLETE
34,0.7863276706058894,2026-03-20 01:53:11.624515,2026-03-20 03:10:46.604958,0 days 01:17:34.980443,0.048566190066677395,6,700,14.5,3.4324455788155954,True,False,False,False,True,False,True,True,True,True,True,False,True,False,True,False,False,False,False,False,True,False,True,True,True,False,True,False,False,False,False,True,False,False,False,True,False,False,False,False,True,True,False,True,False,False,True,True,True,True,False,True,0.7903225806451613,COMPLETE
35,0.7288172485213071,2026-03-20 03:10:46.605707,2026-03-20 03:38:51.391173,0 days 00:28:04.785466,0.059698289162886525,3,600,19.0,1.8641387481971428,False,False,False,True,True,True,True,False,False,False,False,False,False,False,False,True,False,False,True,True,False,True,True,False,False,False,False,False,False,False,False,True,False,True,False,False,True,True,False,False,False,False,False,True,True,True,True,True,False,False,False,True,0.7269585253456221,COMPLETE
36,0.7941504679675474,2026-03-20 03:38:51.392026,2026-03-20 04:17:49.389774,0 days 00:38:57.997748,0.03016296334515485,4,300,16.0,4.579833387705136,True,False,True,False,True,False,True,True,True,True,True,True,True,True,True,False,False,False,True,True,True,False,False,False,True,False,True,False,True,True,True,True,True,False,True,True,True,False,False,True,True,True,False,False,False,True,True,True,True,False,False,False,0.7983870967741935,COMPLETE
37,0.768729932651994,2026-03-20 04:17:49.390502,2026-03-20 05:18:18.321800,0 days 01:00:28.931298,0.0678446953210159,5,900,17.5,2.2775713982367884,False,True,False,True,False,True,True,False,True,False,True,False,True,False,False,False,False,False,False,True,True,True,True,False,False,True,True,True,False,False,False,True,False,True,False,False,True,True,True,False,False,False,True,False,False,False,False,False,False,True,True,False,0.7626728110599078,COMPLETE
38,0.7869938128384256,2026-03-20 05:18:18.322854,2026-03-20 06:03:11.336360,0 days 00:44:53.013506,0.0823911675657206,7,200,19.5,3.0745869260778877,False,False,False,True,True,True,False,True,False,False,True,True,True,True,True,True,False,False,True,True,True,False,True,True,True,False,True,False,True,False,True,True,True,False,True,True,True,False,False,True,True,True,False,True,True,True,True,True,False,False,False,True,0.7903225806451613,COMPLETE
39,0.7963130288877257,2026-03-20 06:03:11.336876,2026-03-20 06:52:47.716290,0 days 00:49:36.379414,0.04723555817008879,6,400,18.5,1.2337239672119686,True,True,True,False,True,False,True,False,True,True,False,False,False,True,False,False,True,False,True,False,False,True,False,False,False,False,False,False,False,True,False,True,False,True,False,True,False,True,True,False,True,False,True,False,False,True,True,False,True,True,False,False,0.793778801843318,COMPLETE
40,0.7532711462627075,2026-03-20 06:52:47.716965,2026-03-20 07:33:26.793082,0 days 00:40:39.076117,0.027884270779520607,3,700,15.0,2.780851939308828,False,False,False,True,True,True,False,False,True,False,True,False,True,False,True,False,True,False,False,True,True,True,True,False,False,True,True,True,True,False,False,True,True,False,False,False,True,False,False,True,False,True,False,False,False,False,False,True,False,False,True,True,0.7523041474654378,COMPLETE
41,0.7932214219896289,2026-03-20 07:33:26.794220,2026-03-20 08:21:10.042566,0 days 00:47:43.248346,0.019074504102957697,5,300,19.5,3.58835492471734,False,False,False,True,True,True,True,False,True,False,True,False,True,True,True,False,False,True,True,True,True,True,True,False,False,False,True,False,False,False,False,False,False,False,False,True,True,False,False,False,True,True,False,False,False,True,True,True,False,False,False,True,0.7949308755760369,COMPLETE
