number,value,datetime_start,datetime_complete,duration,params_learning_rate,params_max_depth,params_n_estimators,params_radius,params_reg_lambda,params_use_Avg_Decoy,params_use_Avg_F_index,params_use_Avg_MW,params_use_Avg_Native,params_use_Charge,params_use_Global_PAE,params_use_Global_pLDDT,params_use_Isoelectric_Point,params_use_NCD,params_use_Norm_ALA,params_use_Norm_ARG,params_use_Norm_ASN,params_use_Norm_ASP,params_use_Norm_CYS,params_use_Norm_GLN,params_use_Norm_GLU,params_use_Norm_GLY,params_use_Norm_HIS,params_use_Norm_ILE,params_use_Norm_LEU,params_use_Norm_LYS,params_use_Norm_MET,params_use_Norm_PHE,params_use_Norm_PRO,params_use_Norm_SER,params_use_Norm_THR,params_use_Norm_TRP,params_use_Norm_TYR,params_use_Norm_VAL,params_use_RCO,params_use_Ranking_Score,params_use_Shannon_Entropy,params_use_Weight_ALA,params_use_Weight_ARG,params_use_Weight_ASN,params_use_Weight_ASP,params_use_Weight_CYS,params_use_Weight_GLN,params_use_Weight_GLU,params_use_Weight_GLY,params_use_Weight_HIS,params_use_Weight_ILE,params_use_Weight_LEU,params_use_Weight_LYS,params_use_Weight_MET,params_use_Weight_PHE,params_use_Weight_PRO,params_use_Weight_SER,params_use_Weight_THR,params_use_Weight_TRP,params_use_Weight_TYR,params_use_Weight_VAL,user_attrs_accuracy,state
0,0.7787047553931823,2026-06-14 22:07:11.759356,2026-06-14 23:03:35.408686,0 days 00:56:23.649330,0.0699834306650376,4,900,14.5,2.181301417137487,False,True,True,True,True,True,False,False,False,False,False,False,False,True,False,False,True,False,True,True,False,True,True,False,True,True,True,False,True,True,True,False,True,True,True,False,False,False,True,True,True,True,True,False,False,False,False,True,True,False,False,False,0.7811059907834101,COMPLETE
1,0.7633649245542233,2026-06-14 23:03:35.409295,2026-06-15 00:34:41.691987,0 days 01:31:06.282692,0.011771629001322571,6,400,15.0,2.0136839960829254,False,False,True,True,False,True,False,False,True,False,False,False,False,False,True,False,True,True,False,True,False,False,False,False,True,False,True,False,True,False,False,False,False,True,True,True,False,True,True,True,True,True,False,True,True,True,True,False,False,False,True,False,0.7695852534562212,COMPLETE
2,0.7573256928642785,2026-06-15 00:34:41.692437,2026-06-15 02:16:28.802976,0 days 01:41:47.110539,0.03063299433923293,6,900,12.0,4.335546132013155,True,False,True,False,True,False,False,True,False,False,True,False,False,True,True,False,False,True,False,False,True,True,True,True,False,False,False,True,True,False,True,True,False,False,False,True,False,True,True,False,True,True,False,True,False,False,True,False,False,False,False,True,0.761520737327189,COMPLETE
3,0.7984201393543006,2026-06-15 02:16:28.803513,2026-06-15 03:45:34.367740,0 days 01:29:05.564227,0.012100437586292501,4,900,19.5,2.7090645606793986,True,True,True,True,False,True,True,True,False,True,False,True,False,False,False,False,False,True,False,False,True,True,False,False,False,True,False,False,False,True,True,True,False,False,True,True,True,False,True,True,True,False,True,True,False,False,False,False,True,False,False,False,0.8029953917050692,COMPLETE
4,0.7829021919275897,2026-06-15 03:45:34.368288,2026-06-15 05:08:10.533242,0 days 01:22:36.164954,0.01657374711230106,4,800,18.0,2.4292954612886946,True,True,False,True,True,False,False,False,True,True,True,True,True,False,True,True,False,True,True,True,True,False,True,True,False,True,True,False,True,False,True,False,False,False,True,False,True,False,True,False,True,True,True,True,False,False,False,False,False,False,False,True,0.7845622119815668,COMPLETE
5,0.757383696295735,2026-06-15 05:08:10.533745,2026-06-15 06:37:06.698116,0 days 01:28:56.164371,0.020208498587069263,6,300,15.0,2.065039096024678,True,True,True,True,False,True,False,False,False,True,True,True,True,True,False,True,True,False,False,False,False,True,False,False,True,True,True,True,False,False,True,True,True,True,True,True,True,True,True,False,True,True,True,False,True,True,True,True,False,True,False,False,0.7672811059907834,COMPLETE
6,0.7729496179235114,2026-06-15 06:37:06.698636,2026-06-15 08:31:43.960748,0 days 01:54:37.262112,0.023577974728056776,4,1000,19.5,4.2827251267849125,False,False,False,False,True,False,False,False,False,True,True,False,False,False,True,False,False,False,True,True,False,True,True,True,True,True,True,False,True,True,False,True,True,True,True,True,False,True,False,False,True,True,True,True,True,True,False,False,True,True,False,True,0.7799539170506913,COMPLETE
7,0.7576153838427557,2026-06-15 08:31:43.961343,2026-06-15 08:57:07.314818,0 days 00:25:23.353475,0.03257118611530812,3,500,11.5,4.576911533532714,True,True,True,True,True,True,False,True,True,False,True,False,False,False,True,False,False,False,False,True,True,False,True,False,True,True,False,False,True,False,True,False,True,True,False,False,False,False,True,False,True,True,True,False,False,False,False,False,True,False,False,True,0.7580645161290323,COMPLETE
8,0.7617945178071228,2026-06-15 08:57:07.315381,2026-06-15 11:55:50.055146,0 days 02:58:42.739765,0.014754724826319796,7,1000,12.0,3.5105733496151523,True,True,True,True,True,True,False,False,True,True,False,True,False,False,True,False,True,False,True,False,False,False,True,True,False,True,False,False,False,False,False,False,True,False,False,True,False,True,True,False,True,False,False,True,True,False,False,True,False,False,True,True,0.7730414746543779,COMPLETE
9,0.772707010227121,2026-06-15 11:55:50.055650,2026-06-15 13:21:06.148543,0 days 01:25:16.092893,0.0224055969191184,7,500,19.5,2.461706512924997,False,True,False,True,False,False,False,True,True,False,True,False,True,False,False,True,False,True,True,False,False,True,False,False,True,False,True,False,False,False,False,False,True,False,False,False,False,False,False,False,True,True,False,True,False,True,True,False,False,True,False,True,0.7776497695852534,COMPLETE
10,0.7583303811799565,2026-06-15 13:21:06.149135,2026-06-15 13:27:23.716741,0 days 00:06:17.567606,0.058243588294586535,3,100,17.5,1.1388812311575176,True,False,False,False,False,True,True,True,False,True,False,True,True,True,False,True,False,True,False,False,True,True,False,False,False,False,False,True,False,True,True,True,False,False,True,True,True,False,False,True,False,False,True,False,False,False,False,True,True,True,True,False,0.7592165898617511,COMPLETE
11,0.7732640421275508,2026-06-15 13:27:23.717139,2026-06-15 14:35:42.740356,0 days 01:08:19.023217,0.012040160807073182,4,700,17.5,3.14792859771261,True,True,False,True,False,False,True,True,True,True,False,True,True,False,False,True,False,True,True,True,True,False,False,True,False,True,False,False,False,True,True,True,False,False,True,False,True,False,True,True,False,False,True,True,False,False,False,False,True,False,False,False,0.7811059907834101,COMPLETE
12,0.7907363816915074,2026-06-15 14:35:42.741178,2026-06-15 16:28:36.722090,0 days 01:52:53.980912,0.010038727365133336,5,700,17.5,1.1254725328156472,True,True,False,True,False,False,True,True,True,True,False,True,True,False,True,True,False,True,True,False,True,False,False,True,False,True,True,False,True,True,True,True,False,False,True,False,True,False,True,True,False,False,True,True,False,False,False,False,True,False,False,True,0.793778801843318,COMPLETE
13,0.770013080723529,2026-06-15 16:28:36.722568,2026-06-15 17:52:15.122735,0 days 01:23:38.400167,0.01026565190089053,5,700,20.0,1.0365062655006467,True,True,False,True,False,False,True,True,False,True,False,True,True,False,False,True,False,True,False,False,True,False,False,True,False,True,False,False,False,True,True,True,False,False,True,False,True,False,True,True,False,False,True,True,False,False,False,False,True,False,False,False,0.7707373271889401,COMPLETE
14,0.7893826806236636,2026-06-15 17:52:15.123190,2026-06-15 19:06:25.224675,0 days 01:14:10.101485,0.04043238812498941,5,700,17.0,1.543749588243748,True,True,True,False,False,True,True,True,True,True,False,True,False,False,True,False,False,True,True,False,True,True,False,True,False,True,True,True,True,True,True,True,False,False,True,True,True,False,False,True,False,False,True,True,False,False,False,False,True,False,True,True,0.7960829493087558,COMPLETE
15,0.7780159184807185,2026-06-15 19:06:25.225444,2026-06-15 19:54:54.912131,0 days 00:48:29.686687,0.09314764526261875,5,800,16.5,3.8435768742695267,True,True,False,True,False,False,True,True,False,True,False,True,True,False,False,True,False,True,False,False,True,False,False,False,False,True,False,False,False,True,True,True,False,False,True,False,True,False,True,True,False,False,True,True,False,False,False,False,True,False,False,False,0.7799539170506913,COMPLETE
16,0.7799687809208843,2026-06-15 19:54:54.913038,2026-06-15 21:17:11.820208,0 days 01:22:16.907170,0.015163172651784457,5,600,18.5,2.9154371280005282,True,True,True,True,False,False,True,True,True,True,False,True,False,False,False,False,False,True,False,False,True,False,False,True,False,True,False,False,False,True,True,True,False,False,True,False,True,False,True,True,False,False,True,True,False,False,False,False,True,False,False,True,0.7811059907834101,COMPLETE
17,0.7714686231521313,2026-06-15 21:17:11.820773,2026-06-15 22:16:38.269711,0 days 00:59:26.448938,0.010093473736192807,3,900,16.0,1.6336570585012764,True,True,False,True,False,True,True,True,False,True,False,True,True,False,True,True,False,True,True,False,True,True,False,False,False,True,True,False,True,True,True,True,False,False,True,True,True,False,True,True,False,False,True,True,False,False,False,False,True,False,False,False,0.7799539170506913,COMPLETE
18,0.7796564283831469,2026-06-15 22:16:38.270748,2026-06-15 23:14:52.458974,0 days 00:58:14.188226,0.017720323060765864,4,600,13.5,2.9020090493698056,False,False,False,False,False,False,True,True,False,True,False,True,True,True,False,False,True,True,False,False,True,False,False,True,False,False,True,True,False,True,False,True,False,False,False,True,True,False,False,True,False,False,False,False,True,True,True,True,True,True,True,False,0.7811059907834101,COMPLETE
19,0.7667913938795726,2026-06-15 23:14:52.459895,2026-06-16 00:31:33.821086,0 days 01:16:41.361191,0.013720827324658688,6,300,18.5,1.5047904022664378,True,True,True,True,False,True,True,True,True,True,False,True,False,False,True,True,False,True,True,False,True,True,False,False,False,True,False,False,True,True,True,True,False,False,True,False,True,False,True,True,False,False,True,True,False,False,False,False,True,False,False,True,0.7730414746543779,COMPLETE
20,0.7657348943971198,2026-06-16 00:31:33.821610,2026-06-16 01:24:40.208228,0 days 00:53:06.386618,0.02816510842232959,4,800,10.0,3.6873517897942456,True,True,False,True,False,True,True,True,True,True,False,True,True,False,True,True,False,True,False,False,True,False,False,False,False,True,True,False,False,True,True,True,False,False,True,False,True,False,True,True,False,False,True,True,False,False,False,False,True,False,False,False,0.7681660899653979,COMPLETE
21,0.7949147640439597,2026-06-16 01:24:40.209024,2026-06-16 02:28:26.987710,0 days 01:03:46.778686,0.05539195261587404,5,700,16.5,1.5795563229334424,True,True,True,False,False,True,True,True,True,True,False,True,False,False,True,False,False,True,True,False,True,True,False,True,False,True,True,True,True,True,True,True,False,False,True,True,True,False,False,True,False,False,True,True,False,False,False,False,True,False,True,True,0.7983870967741935,COMPLETE
22,0.8000930733111152,2026-06-16 02:28:26.988415,2026-06-16 03:33:38.354528,0 days 01:05:11.366113,0.05130695937521442,5,700,16.0,1.361517534008332,True,True,True,False,False,True,True,True,True,True,False,True,False,False,True,False,False,True,True,False,True,True,False,True,False,True,True,True,True,True,True,True,False,False,True,True,True,False,False,True,False,False,True,True,False,False,False,False,True,False,True,True,0.804147465437788,COMPLETE
23,0.8021606720052346,2026-06-16 03:33:38.355558,2026-06-16 04:48:50.727921,0 days 01:15:12.372363,0.04714805525780851,5,800,16.0,1.7318404868121564,True,True,True,False,False,True,True,True,True,True,False,True,False,False,True,False,False,True,True,False,True,True,False,True,False,True,True,True,True,True,True,True,False,False,True,True,True,False,False,True,False,False,True,True,False,False,False,False,True,False,True,True,0.8064516129032258,COMPLETE
24,0.7890874347488236,2026-06-16 04:48:50.728357,2026-06-16 06:17:40.067442,0 days 01:28:49.339085,0.0388812396919584,5,900,13.0,2.653322465905022,True,True,True,False,False,True,True,True,True,True,False,True,False,False,True,False,False,True,True,False,True,True,False,True,False,True,True,True,True,True,True,True,False,False,True,True,True,False,False,True,False,False,True,True,False,False,False,False,True,False,True,True,0.7960829493087558,COMPLETE
25,0.7994278614889839,2026-06-16 06:17:40.068023,2026-06-16 07:46:45.923811,0 days 01:29:05.855788,0.04977178279341511,6,1000,16.0,1.8634977868112377,True,True,True,False,False,True,True,True,True,True,False,True,False,False,True,False,False,True,True,False,True,True,False,True,False,True,True,True,True,True,True,True,False,False,True,True,True,False,False,True,False,False,True,True,False,False,False,False,True,False,True,True,0.8029953917050692,COMPLETE
26,0.7871261884496834,2026-06-16 07:46:45.924994,2026-06-16 09:27:58.180543,0 days 01:41:12.255549,0.048265113787425,6,1000,15.5,1.7496759786146185,False,False,True,False,False,True,True,True,True,False,False,True,False,True,True,False,True,False,True,False,True,True,False,True,False,False,True,True,True,True,False,True,False,True,False,True,True,True,False,True,False,False,False,False,True,True,True,True,True,True,True,True,0.7914746543778802,COMPLETE
27,0.7894743539658802,2026-06-16 09:27:58.181785,2026-06-16 10:30:05.102787,0 days 01:02:06.921002,0.07506696739667856,7,800,14.0,1.3719848651216366,True,True,True,False,False,True,True,True,True,True,False,True,False,False,True,False,False,True,True,False,True,True,False,True,False,True,True,True,True,True,True,True,False,False,True,True,True,False,False,True,False,False,True,True,False,False,False,False,True,False,True,True,0.7983870967741935,COMPLETE
28,0.8013483984505075,2026-06-16 10:30:05.103802,2026-06-16 12:08:17.049724,0 days 01:38:11.945922,0.04219556396657298,6,1000,16.0,1.875983205271281,True,True,True,False,False,True,True,True,True,True,False,True,False,False,True,False,False,True,True,False,True,True,False,True,False,True,True,True,True,True,True,True,False,False,True,True,True,False,False,True,False,False,True,True,False,False,False,False,True,False,True,True,0.8064516129032258,COMPLETE
29,0.778506176960852,2026-06-16 12:08:17.050659,2026-06-16 13:33:43.067917,0 days 01:25:26.017258,0.040462267506380004,6,600,14.0,2.2317989590899705,False,True,True,False,True,True,True,False,True,False,False,False,False,True,True,False,True,False,True,True,False,True,True,True,True,True,True,True,True,True,True,False,True,True,True,True,True,False,False,True,False,False,True,False,False,False,False,True,True,False,True,True,0.7799539170506913,COMPLETE
30,0.8011343956535202,2026-06-16 13:33:43.068649,2026-06-16 14:40:12.159347,0 days 01:06:29.090698,0.06853497789552072,5,900,15.0,2.292409642964882,True,True,True,False,False,True,True,True,True,True,False,True,False,False,True,False,False,True,True,False,True,True,False,True,False,True,True,True,True,True,True,True,False,False,True,True,True,False,False,True,False,False,True,True,False,False,False,False,True,False,True,True,0.8076036866359447,COMPLETE
31,0.7980491954375332,2026-06-16 14:40:12.160342,2026-06-16 15:46:01.415278,0 days 01:05:49.254936,0.06964972870486,5,900,15.0,1.9683119408379217,True,True,True,False,False,True,True,True,True,True,False,True,False,False,True,False,False,True,True,False,True,True,False,True,False,True,True,True,True,True,True,True,False,False,True,True,True,False,False,True,False,False,True,True,False,False,False,False,True,False,True,True,0.804147465437788,COMPLETE
32,0.7961886860292582,2026-06-16 15:46:01.415719,2026-06-16 16:51:07.105408,0 days 01:05:05.689689,0.06982607896013951,5,800,15.5,2.241159542876618,True,True,True,False,False,True,True,True,True,True,False,True,False,False,True,False,False,True,True,False,True,True,False,True,False,True,True,True,True,True,True,True,False,False,True,True,True,False,False,True,False,False,True,True,False,False,False,False,True,False,True,True,0.8018433179723502,COMPLETE
33,0.7929228083684846,2026-06-16 16:51:07.106348,2026-06-16 18:03:25.066905,0 days 01:12:17.960557,0.05879080286342303,6,900,14.5,1.31170728576822,True,True,True,False,False,True,True,True,True,True,False,True,False,False,True,False,False,True,True,False,True,True,False,True,False,True,True,True,True,True,True,True,False,False,True,True,True,False,False,True,False,False,True,True,False,False,False,False,True,False,True,True,0.8018433179723502,COMPLETE
34,0.796355480609533,2026-06-16 18:03:25.067391,2026-06-16 18:57:14.471552,0 days 00:53:49.404161,0.09014279126099928,5,1000,16.0,1.7832826562374364,True,False,True,False,False,True,True,True,True,False,False,False,False,False,True,False,False,True,True,False,True,True,False,True,False,False,True,True,True,True,True,True,False,False,True,True,False,True,False,True,False,False,False,True,False,False,True,False,False,False,True,True,0.8006912442396313,COMPLETE
35,0.7930525508649213,2026-06-16 18:57:14.472092,2026-06-16 20:25:34.405030,0 days 01:28:19.932938,0.04494957510084517,6,800,14.5,2.405384287963989,True,True,True,False,False,True,True,False,True,True,False,True,False,False,True,False,False,True,True,True,True,True,False,True,False,True,True,True,True,True,True,False,False,False,True,True,True,False,False,True,False,False,True,True,False,False,False,False,True,False,True,True,0.8006912442396313,COMPLETE
36,0.780636450983183,2026-06-16 20:25:34.405984,2026-06-16 21:58:28.747767,0 days 01:32:54.341783,0.03323752828741241,4,900,16.5,2.1259223808488863,False,True,True,False,True,True,True,True,True,True,True,True,False,True,True,False,True,True,True,False,False,True,True,True,True,True,True,True,True,False,False,True,False,True,True,True,True,False,False,True,False,True,True,True,True,True,False,False,False,False,True,True,0.7857142857142857,COMPLETE
37,0.7974175868983915,2026-06-16 21:58:28.748272,2026-06-16 22:53:30.675019,0 days 00:55:01.926747,0.08289757889212973,5,1000,15.5,1.3326614877504772,True,False,True,False,False,True,True,False,True,True,False,False,False,False,True,False,False,True,True,False,True,True,False,True,False,True,True,True,True,True,True,True,False,False,False,True,False,True,False,True,False,False,True,True,False,False,True,False,True,False,True,True,0.8087557603686636,COMPLETE
38,0.744073046357651,2026-06-16 22:53:30.675489,2026-06-17 00:21:05.797767,0 days 01:27:35.122278,0.05378575014218004,7,900,13.0,1.9315809824836712,True,True,True,False,True,True,False,True,True,False,True,True,False,False,True,False,False,False,True,True,True,True,True,True,True,False,True,True,True,False,True,True,True,True,True,True,True,False,False,False,False,True,False,False,True,True,False,False,True,True,True,True,0.7442396313364056,COMPLETE
39,0.7864522452610319,2026-06-17 00:21:05.798204,2026-06-17 01:31:27.659771,0 days 01:10:21.861567,0.06342869341383714,6,800,15.0,2.3924046368162863,True,True,True,False,False,True,True,True,True,True,False,True,False,False,True,False,True,True,True,False,False,True,False,True,False,True,True,True,True,True,True,False,False,False,True,True,True,True,False,False,True,False,True,True,False,False,False,True,False,False,True,True,0.7914746543778802,COMPLETE
40,0.7821453125349559,2026-06-17 01:31:27.660598,2026-06-17 02:27:16.041474,0 days 00:55:48.380876,0.02719785923660407,4,500,17.0,3.1814956332529043,False,True,True,False,True,True,False,False,True,True,True,False,False,True,True,False,False,False,True,False,True,True,True,True,False,True,True,True,True,False,False,True,True,False,False,True,False,False,False,True,True,True,True,True,False,False,True,False,True,False,True,True,0.783410138248848,COMPLETE
41,0.8026534418256388,2026-06-17 02:27:16.041973,2026-06-17 03:55:02.545888,0 days 01:27:46.503915,0.0483827811040944,6,1000,16.0,1.8680112148246761,True,True,True,False,False,True,True,True,True,True,False,True,False,False,True,False,False,True,True,False,True,True,False,True,False,True,True,True,True,True,True,True,False,False,True,True,True,False,False,True,False,False,True,True,False,False,False,False,True,False,True,True,0.8076036866359447,COMPLETE
