number,value,datetime_start,datetime_complete,duration,params_learning_rate,params_max_depth,params_n_estimators,params_radius,params_reg_lambda,params_use_Avg_Decoy,params_use_Avg_F_index,params_use_Avg_MW,params_use_Avg_Native,params_use_Charge,params_use_Global_PAE,params_use_Global_pLDDT,params_use_Isoelectric_Point,params_use_NCD,params_use_Norm_ALA,params_use_Norm_ARG,params_use_Norm_ASN,params_use_Norm_ASP,params_use_Norm_CYS,params_use_Norm_GLN,params_use_Norm_GLU,params_use_Norm_GLY,params_use_Norm_HIS,params_use_Norm_ILE,params_use_Norm_LEU,params_use_Norm_LYS,params_use_Norm_MET,params_use_Norm_PHE,params_use_Norm_PRO,params_use_Norm_SER,params_use_Norm_THR,params_use_Norm_TRP,params_use_Norm_TYR,params_use_Norm_VAL,params_use_RCO,params_use_Ranking_Score,params_use_Shannon_Entropy,params_use_Weight_ALA,params_use_Weight_ARG,params_use_Weight_ASN,params_use_Weight_ASP,params_use_Weight_CYS,params_use_Weight_GLN,params_use_Weight_GLU,params_use_Weight_GLY,params_use_Weight_HIS,params_use_Weight_ILE,params_use_Weight_LEU,params_use_Weight_LYS,params_use_Weight_MET,params_use_Weight_PHE,params_use_Weight_PRO,params_use_Weight_SER,params_use_Weight_THR,params_use_Weight_TRP,params_use_Weight_TYR,params_use_Weight_VAL,user_attrs_accuracy,state
42,0.793397253345628,2026-06-17 03:55:02.546396,2026-06-17 05:53:31.791266,0 days 01:58:29.244870,0.03496376389680349,6,1000,14.5,2.594160573404202,True,True,True,False,False,True,True,True,True,True,False,True,False,False,True,False,False,True,True,False,True,True,False,True,False,True,True,True,True,True,True,True,False,False,True,True,True,False,False,True,False,False,True,True,False,False,False,False,True,False,True,True,0.8018433179723502,COMPLETE
43,0.7954533892137396,2026-06-17 05:53:31.792746,2026-06-17 07:28:46.010367,0 days 01:35:14.217621,0.045242850626372816,6,1000,15.5,1.7473260146627767,True,True,True,False,False,True,True,True,True,True,False,True,False,False,True,False,False,True,True,False,True,True,False,True,False,True,True,True,True,True,True,True,False,False,True,True,True,False,False,True,False,False,True,True,False,False,False,False,True,False,True,True,0.8006912442396313,COMPLETE
44,0.7881628518993956,2026-06-17 07:28:46.010929,2026-06-17 08:39:30.433309,0 days 01:10:44.422380,0.06430386411955574,5,900,17.0,2.0564410297780187,True,True,True,False,False,True,True,True,True,True,False,True,False,False,True,False,False,True,True,False,True,True,False,True,False,True,True,True,True,True,True,True,False,False,True,True,True,False,False,True,False,False,True,True,False,False,False,False,True,False,True,True,0.7926267281105991,COMPLETE
45,0.7887724088711089,2026-06-17 08:39:30.434517,2026-06-17 10:17:50.248053,0 days 01:38:19.813536,0.038250621813957345,7,1000,18.0,1.2714850201001944,True,True,True,False,False,True,False,True,True,True,False,True,False,False,True,False,False,True,True,True,False,True,False,True,True,True,True,True,True,True,True,False,False,False,True,True,True,False,False,False,False,False,True,True,False,False,False,False,False,True,True,True,0.793778801843318,COMPLETE
46,0.7908585917003844,2026-06-17 10:17:50.248628,2026-06-17 11:35:38.662315,0 days 01:17:48.413687,0.04951117743361568,6,700,16.0,1.4678763786861337,True,False,True,False,False,True,True,True,True,False,True,True,False,False,True,False,False,True,True,False,True,True,False,True,False,True,True,True,True,True,True,True,False,True,True,True,False,False,False,True,True,False,False,True,True,False,False,False,True,False,True,True,0.7960829493087558,COMPLETE
47,0.7602060865069485,2026-06-17 11:35:38.663234,2026-06-17 11:55:55.144407,0 days 00:20:16.481173,0.04304436276129607,5,100,16.5,2.1803881074495086,True,True,True,False,False,True,True,True,False,True,False,True,False,False,True,False,False,True,True,False,True,True,False,True,False,False,True,True,True,False,True,True,False,False,True,True,True,True,False,True,False,True,True,False,False,True,False,True,True,False,True,True,0.761520737327189,COMPLETE
48,0.7926921132801026,2026-06-17 11:55:55.144915,2026-06-17 12:53:15.406472,0 days 00:57:20.261557,0.08085486142702585,5,900,15.0,1.7481883587446057,True,True,True,False,False,True,True,False,True,True,False,False,False,False,True,False,False,True,True,False,True,True,False,True,False,True,True,True,True,True,False,True,True,False,False,True,True,False,False,False,False,False,True,True,False,False,False,False,True,False,True,True,0.8006912442396313,COMPLETE
49,0.7788263525762302,2026-06-17 12:53:15.406993,2026-06-17 14:26:19.317878,0 days 01:33:03.910885,0.03584157161841647,6,800,14.0,1.0068356079529126,True,True,True,False,True,True,False,True,True,True,False,True,False,False,False,False,False,False,True,False,True,True,True,True,True,True,True,True,True,True,True,True,False,False,True,True,True,False,False,True,True,False,True,True,False,False,False,False,True,False,True,True,0.783410138248848,COMPLETE
